C51 COMPILER V9.00   DISCLOCK                                                              01/15/2019 23:46:51 PAGE 1   


C51 COMPILER V9.00, COMPILATION OF MODULE DISCLOCK
OBJECT MODULE PLACED IN DisClock.OBJ
COMPILER INVOKED BY: D:\MCU\KEILMDK\C51\BIN\C51.EXE DisClock.c BROWSE DEBUG OBJECTEXTEND

line level    source

   1          #include<reg51.h>
   2          
   3          void DisClock()
   4          {
   5   1      
   6   1      
   7   1      
   8   1      
   9   1      
  10   1      }


MODULE INFORMATION:   STATIC OVERLAYABLE
   CODE SIZE        =      1    ----
   CONSTANT SIZE    =   ----    ----
   XDATA SIZE       =   ----    ----
   PDATA SIZE       =   ----    ----
   DATA SIZE        =   ----    ----
   IDATA SIZE       =   ----    ----
   BIT SIZE         =   ----    ----
END OF MODULE INFORMATION.


C51 COMPILATION COMPLETE.  0 WARNING(S),  0 ERROR(S)
