C51 COMPILER V9.00   DISTIME                                                               01/16/2019 10:26:33 PAGE 1   


C51 COMPILER V9.00, COMPILATION OF MODULE DISTIME
OBJECT MODULE PLACED IN DisTime.OBJ
COMPILER INVOKED BY: D:\MCU\KEILMDK\C51\BIN\C51.EXE DisTime.c BROWSE DEBUG OBJECTEXTEND

line level    source

   1          #include"lcd.h"
   2          #include "DS1302.h"
   3          #include "lcd1602.h"
   4          sbit K6=P3^6;   //12制的变换
   5          sbit K7=P3^7;   //24制的变换
   6          void DisTemperture();
   7          void DisDate();
   8          void Buttons();
   9          extern unsigned char jz=2;
  10          extern unsigned char clockdata[9];
  11          void Deley10ms(void)   //误差 0us
  12          {
  13   1          unsigned char a,b,c;
  14   1          for(c=1;c>0;c--)
  15   1              for(b=38;b>0;b--)
  16   1                  for(a=130;a>0;a--);
  17   1      } 
  18          void Distime()
  19          {
  20   1      /*      clockdata[0] = 0;                       //秒
  21   1              clockdata[1] = 42;                      //分
  22   1              clockdata[2] = 10;                      //小时
  23   1              clockdata[3] = 10;                  //日期
  24   1              clockdata[4] = 1;                   //月份
  25   1              clockdata[5] = 19;                  //年
  26   1              clockdata[6] = 3;                       //星期几
  27   1              clockdata[7] = 0;
  28   1              clockdata[8] = 20; */
  29   1              
  30   1              
  31   1      //      LCD1602_Initialize();
  32   1      //      DS1302_settime();
  33   1      //         while(1)
  34   1      //         {
  35   1                       DS1302_gettime();
  36   1                              /************************************/
  37   1                      if(K6==0)               //检测按键K6是否按下            //12进制
  38   1                              {
  39   2                                      Deley10ms();    //消除抖动
  40   2                                      if(K6==0)
  41   2                                      {
  42   3                                         jz=1;
  43   3                                      }
  44   2                              }
  45   1                        if(K7==0)             //检测按键K6是否按下            //12进制
  46   1                              {
  47   2                                      Deley10ms();    //消除抖动
  48   2                                      if(K7==0)
  49   2                                      {
  50   3                                         jz=2;
  51   3                                      }
  52   2                              } 
  53   1                      //小时
  54   1                      switch( jz )
  55   1                      {
C51 COMPILER V9.00   DISTIME                                                               01/16/2019 10:26:33 PAGE 2   

  56   2                      case 2:
  57   2                      LCD1602_PrintChar(1,1,clockdata[2]/10 + '0');
  58   2                      LCD1602_PrintChar(1,2,clockdata[2]%10 + '0');
  59   2                      LCD1602_PrintChar(1,9,' ');
  60   2                       LCD1602_PrintChar(1,10,' ');
  61   2                      break;
  62   2                      case 1: 
  63   2                      if(clockdata[2]>12)
  64   2                      {
  65   3                       LCD1602_PrintChar(1,1,12/clockdata[2] + '0');
  66   3                       LCD1602_PrintChar(1,2,clockdata[2]%12 + '0');
  67   3                       LCD1602_PrintChar(1,9,'p');
  68   3                       LCD1602_PrintChar(1,10,'m');
  69   3                      }
  70   2                      else
  71   2                      {
  72   3                       LCD1602_PrintChar(1,1,clockdata[2]/12 + '0');
  73   3                       LCD1602_PrintChar(1,2,clockdata[2]%12 + '0');
  74   3                       LCD1602_PrintChar(1,9,'a');
  75   3                       LCD1602_PrintChar(1,10,'m');
  76   3                      }
  77   2                      break;
  78   2                      }
  79   1                      
  80   1                  LCD1602_PrintChar(1,3,':');
  81   1                      //分
  82   1                      LCD1602_PrintChar(1,4,clockdata[1]/10 + '0');
  83   1                      LCD1602_PrintChar(1,5,clockdata[1]%10 + '0');
  84   1                      LCD1602_PrintChar(1,6,':');
  85   1                      //秒
  86   1                      LCD1602_PrintChar(1,7,clockdata[0]/10 + '0');
  87   1                      LCD1602_PrintChar(1,8,clockdata[0]%10 + '0');
  88   1                      LCD1602_PrintChar(1,11,' ');
  89   1                      LCD1602_PrintChar(1,12,' ');
  90   1                      LCD1602_PrintChar(1,13,' ');
  91   1                      
  92   1                      delay_ms( 500 );
  93   1      //      }  
  94   1      }


MODULE INFORMATION:   STATIC OVERLAYABLE
   CODE SIZE        =    315    ----
   CONSTANT SIZE    =   ----    ----
   XDATA SIZE       =   ----    ----
   PDATA SIZE       =   ----    ----
   DATA SIZE        =      1    ----
   IDATA SIZE       =   ----    ----
   BIT SIZE         =   ----    ----
END OF MODULE INFORMATION.


C51 COMPILATION COMPLETE.  0 WARNING(S),  0 ERROR(S)
